<?xml version="1.0" encoding="UTF-8"?>
<testng-results ignored="0" total="1" passed="1" failed="0" skipped="0">
  <reporter-output>
  </reporter-output>
  <suite started-at="2024-12-04T15:46:36 IST" name="Default suite" finished-at="2024-12-04T15:46:37 IST" duration-ms="1263">
    <groups>
    </groups>
    <test started-at="2024-12-04T15:46:36 IST" name="Default test" finished-at="2024-12-04T15:46:37 IST" duration-ms="1263">
      <class name="van.api.test.VanTransactionEnq">
        <test-method signature="vanTxnEnq()[pri:0, instance:van.api.test.VanTransactionEnq@192d43ce]" started-at="2024-12-04T15:46:36 IST" name="vanTxnEnq" finished-at="2024-12-04T15:46:37 IST" duration-ms="1200" status="PASS">
          <reporter-output>
          </reporter-output>
        </test-method> <!-- vanTxnEnq -->
      </class> <!-- van.api.test.VanTransactionEnq -->
    </test> <!-- Default test -->
  </suite> <!-- Default suite -->
</testng-results>
